<?xml version="1.0" encoding="UTF-8"?>
<!-- Generated by org.testng.reporters.JUnitXMLReporter -->
<testsuite ignored="0" hostname="hasbjdeed" failures="0" tests="4" name="Default test" time="72.078" errors="0" timestamp="2025-05-09T01:41:49 EEST">
  <testcase classname="tests.PDHS" name="TPD" time="18.19"/>
  <testcase classname="tests.PDHS" name="TPS" time="13.789"/>
  <testcase classname="tests.PDHS" name="TPR" time="17.16"/>
  <testcase classname="tests.PDHS" name="TPC" time="21.34"/>
</testsuite> <!-- Default test -->
