<?xml version="1.0" encoding="UTF-8"?>
<!-- Generated by org.testng.reporters.JUnitReportReporter -->
<testsuite hostname="hasbjdeed" failures="0" tests="4" name="tests.PDHS" time="70.479" errors="0" timestamp="2025-05-09T01:41:49 EEST" skipped="0">
  <testcase classname="tests.PDHS" name="TPD" time="18.190"/>
  <testcase classname="tests.PDHS" name="TPS" time="13.789"/>
  <testcase classname="tests.PDHS" name="TPR" time="17.160"/>
  <testcase classname="tests.PDHS" name="TPC" time="21.340"/>
</testsuite> <!-- tests.PDHS -->
